{"D:\\Estudos\\Projetos\\clean-node-api\\src\\presentation\\controllers\\signup.ts": {"path":"D:\\Estudos\\Projetos\\clean-node-api\\src\\presentation\\controllers\\signup.ts","statementMap":{"0":{"start":{"line":1,"column":0},"end":{"line":1,"column":70}},"1":{"start":{"line":2,"column":0},"end":{"line":2,"column":52}},"2":{"start":{"line":5,"column":0},"end":{"line":5,"column":13}},"3":{"start":{"line":6,"column":2},"end":{"line":13,"column":null}},"4":{"start":{"line":7,"column":27},"end":{"line":7,"column":81}},"5":{"start":{"line":8,"column":4},"end":{"line":12,"column":null}},"6":{"start":{"line":8,"column":24},"end":{"line":8,"column":38}},"7":{"start":{"line":8,"column":20},"end":{"line":8,"column":24}},"8":{"start":{"line":9,"column":6},"end":{"line":11,"column":null}},"9":{"start":{"line":10,"column":8},"end":{"line":10,"column":60}},"10":{"start":{"line":14,"column":0},"end":{"line":14,"column":null}},"11":{"start":{"line":5,"column":13},"end":{"line":5,"column":29}}},"fnMap":{"0":{"name":"(anonymous_0)","decl":{"start":{"line":5,"column":0},"end":{"line":5,"column":13}},"loc":{"start":{"line":5,"column":0},"end":{"line":14,"column":null}}},"1":{"name":"(anonymous_2)","decl":{"start":{"line":6,"column":2},"end":{"line":6,"column":8}},"loc":{"start":{"line":6,"column":34},"end":{"line":13,"column":3}}}},"branchMap":{"0":{"loc":{"start":{"line":9,"column":6},"end":{"line":11,"column":null}},"type":"if","locations":[{"start":{"line":9,"column":6},"end":{"line":11,"column":null}}]}},"s":{"0":1,"1":1,"2":1,"3":1,"4":4,"5":4,"6":8,"7":10,"8":10,"9":4,"10":1,"11":1},"f":{"0":5,"1":4},"b":{"0":[4]}}
,"D:\\Estudos\\Projetos\\clean-node-api\\src\\presentation\\errors\\missing-params-error.ts": {"path":"D:\\Estudos\\Projetos\\clean-node-api\\src\\presentation\\errors\\missing-params-error.ts","statementMap":{"0":{"start":{"line":1,"column":0},"end":{"line":1,"column":null}},"1":{"start":{"line":1,"column":43},"end":{"line":1,"column":48}},"2":{"start":{"line":3,"column":4},"end":{"line":3,"column":null}},"3":{"start":{"line":4,"column":4},"end":{"line":4,"column":null}},"4":{"start":{"line":6,"column":0},"end":{"line":6,"column":null}},"5":{"start":{"line":1,"column":13},"end":{"line":1,"column":34}}},"fnMap":{"0":{"name":"(anonymous_6)","decl":{"start":{"line":1,"column":0},"end":{"line":1,"column":13}},"loc":{"start":{"line":1,"column":0},"end":{"line":6,"column":null}}},"1":{"name":"MissingParameterError","decl":{"start":{"line":2,"column":2},"end":{"line":2,"column":14}},"loc":{"start":{"line":2,"column":31},"end":{"line":5,"column":3}}}},"branchMap":{"0":{"loc":{"start":{"line":3,"column":4},"end":{"line":3,"column":null}},"type":"binary-expr","locations":[{"start":{"line":3,"column":4},"end":{"line":3,"column":41}},{"start":{"line":3,"column":41},"end":{"line":3,"column":null}}]}},"s":{"0":1,"1":1,"2":8,"3":8,"4":1,"5":1},"f":{"0":1,"1":8},"b":{"0":[8,0]}}
,"D:\\Estudos\\Projetos\\clean-node-api\\src\\presentation\\helpers\\http-helper.ts": {"path":"D:\\Estudos\\Projetos\\clean-node-api\\src\\presentation\\helpers\\http-helper.ts","statementMap":{"0":{"start":{"line":3,"column":26},"end":{"line":3,"column":59}},"1":{"start":{"line":3,"column":58},"end":{"line":5,"column":null}},"2":{"start":{"line":3,"column":13},"end":{"line":3,"column":26}}},"fnMap":{"0":{"name":"(anonymous_0)","decl":{"start":{"line":3,"column":26},"end":{"line":3,"column":27}},"loc":{"start":{"line":3,"column":39},"end":{"line":3,"column":59}}}},"branchMap":{},"s":{"0":1,"1":4,"2":1},"f":{"0":4},"b":{}}
}
