{"D:\\Estudos\\Projetos\\clean-node-api\\src\\presentation\\controllers\\signup.ts": {"path":"D:\\Estudos\\Projetos\\clean-node-api\\src\\presentation\\controllers\\signup.ts","statementMap":{"0":{"start":{"line":1,"column":0},"end":{"line":1,"column":73}},"1":{"start":{"line":2,"column":0},"end":{"line":2,"column":65}},"2":{"start":{"line":5,"column":0},"end":{"line":5,"column":13}},"3":{"start":{"line":8,"column":4},"end":{"line":8,"column":null}},"4":{"start":{"line":10,"column":2},"end":{"line":25,"column":null}},"5":{"start":{"line":11,"column":4},"end":{"line":24,"column":null}},"6":{"start":{"line":12,"column":29},"end":{"line":12,"column":82}},"7":{"start":{"line":13,"column":6},"end":{"line":17,"column":null}},"8":{"start":{"line":13,"column":26},"end":{"line":13,"column":40}},"9":{"start":{"line":13,"column":22},"end":{"line":13,"column":26}},"10":{"start":{"line":14,"column":8},"end":{"line":16,"column":null}},"11":{"start":{"line":15,"column":10},"end":{"line":15,"column":62}},"12":{"start":{"line":18,"column":22},"end":{"line":18,"column":75}},"13":{"start":{"line":19,"column":6},"end":{"line":21,"column":null}},"14":{"start":{"line":20,"column":8},"end":{"line":20,"column":62}},"15":{"start":{"line":23,"column":6},"end":{"line":23,"column":27}},"16":{"start":{"line":26,"column":0},"end":{"line":26,"column":null}},"17":{"start":{"line":5,"column":13},"end":{"line":5,"column":29}}},"fnMap":{"0":{"name":"(anonymous_0)","decl":{"start":{"line":5,"column":0},"end":{"line":5,"column":13}},"loc":{"start":{"line":5,"column":0},"end":{"line":26,"column":null}}},"1":{"name":"SignUpController","decl":{"start":{"line":7,"column":2},"end":{"line":7,"column":14}},"loc":{"start":{"line":7,"column":46},"end":{"line":9,"column":3}}},"2":{"name":"(anonymous_2)","decl":{"start":{"line":10,"column":2},"end":{"line":10,"column":8}},"loc":{"start":{"line":10,"column":34},"end":{"line":25,"column":3}}}},"branchMap":{"0":{"loc":{"start":{"line":14,"column":8},"end":{"line":16,"column":null}},"type":"if","locations":[{"start":{"line":14,"column":8},"end":{"line":16,"column":null}}]},"1":{"loc":{"start":{"line":19,"column":6},"end":{"line":21,"column":null}},"type":"if","locations":[{"start":{"line":19,"column":6},"end":{"line":21,"column":null}}]}},"s":{"0":1,"1":1,"2":1,"3":7,"4":1,"5":7,"6":7,"7":7,"8":14,"9":22,"10":22,"11":4,"12":3,"13":2,"14":1,"15":1,"16":1,"17":1},"f":{"0":1,"1":7,"2":7},"b":{"0":[4],"1":[1]}}
,"D:\\Estudos\\Projetos\\clean-node-api\\src\\presentation\\errors\\index.ts": {"path":"D:\\Estudos\\Projetos\\clean-node-api\\src\\presentation\\errors\\index.ts","statementMap":{"0":{"start":{"line":1,"column":0},"end":{"line":1,"column":38}},"1":{"start":{"line":2,"column":0},"end":{"line":2,"column":38}},"2":{"start":{"line":3,"column":0},"end":{"line":3,"column":30}}},"fnMap":{},"branchMap":{},"s":{"0":1,"1":1,"2":1},"f":{},"b":{}}
,"D:\\Estudos\\Projetos\\clean-node-api\\src\\presentation\\errors\\invalid-params-error.ts": {"path":"D:\\Estudos\\Projetos\\clean-node-api\\src\\presentation\\errors\\invalid-params-error.ts","statementMap":{"0":{"start":{"line":1,"column":0},"end":{"line":1,"column":null}},"1":{"start":{"line":1,"column":43},"end":{"line":1,"column":48}},"2":{"start":{"line":3,"column":4},"end":{"line":3,"column":null}},"3":{"start":{"line":4,"column":4},"end":{"line":4,"column":null}},"4":{"start":{"line":6,"column":0},"end":{"line":6,"column":null}},"5":{"start":{"line":1,"column":13},"end":{"line":1,"column":34}}},"fnMap":{"0":{"name":"(anonymous_6)","decl":{"start":{"line":1,"column":0},"end":{"line":1,"column":13}},"loc":{"start":{"line":1,"column":0},"end":{"line":6,"column":null}}},"1":{"name":"InvalidParameterError","decl":{"start":{"line":2,"column":2},"end":{"line":2,"column":14}},"loc":{"start":{"line":2,"column":31},"end":{"line":5,"column":3}}}},"branchMap":{"0":{"loc":{"start":{"line":3,"column":4},"end":{"line":3,"column":null}},"type":"binary-expr","locations":[{"start":{"line":3,"column":4},"end":{"line":3,"column":41}},{"start":{"line":3,"column":41},"end":{"line":3,"column":null}}]}},"s":{"0":1,"1":1,"2":2,"3":2,"4":1,"5":1},"f":{"0":1,"1":2},"b":{"0":[2,0]}}
,"D:\\Estudos\\Projetos\\clean-node-api\\src\\presentation\\errors\\missing-params-error.ts": {"path":"D:\\Estudos\\Projetos\\clean-node-api\\src\\presentation\\errors\\missing-params-error.ts","statementMap":{"0":{"start":{"line":1,"column":0},"end":{"line":1,"column":null}},"1":{"start":{"line":1,"column":43},"end":{"line":1,"column":48}},"2":{"start":{"line":3,"column":4},"end":{"line":3,"column":null}},"3":{"start":{"line":4,"column":4},"end":{"line":4,"column":null}},"4":{"start":{"line":6,"column":0},"end":{"line":6,"column":null}},"5":{"start":{"line":1,"column":13},"end":{"line":1,"column":34}}},"fnMap":{"0":{"name":"(anonymous_6)","decl":{"start":{"line":1,"column":0},"end":{"line":1,"column":13}},"loc":{"start":{"line":1,"column":0},"end":{"line":6,"column":null}}},"1":{"name":"MissingParameterError","decl":{"start":{"line":2,"column":2},"end":{"line":2,"column":14}},"loc":{"start":{"line":2,"column":31},"end":{"line":5,"column":3}}}},"branchMap":{"0":{"loc":{"start":{"line":3,"column":4},"end":{"line":3,"column":null}},"type":"binary-expr","locations":[{"start":{"line":3,"column":4},"end":{"line":3,"column":41}},{"start":{"line":3,"column":41},"end":{"line":3,"column":null}}]}},"s":{"0":1,"1":1,"2":8,"3":8,"4":1,"5":1},"f":{"0":1,"1":8},"b":{"0":[8,0]}}
,"D:\\Estudos\\Projetos\\clean-node-api\\src\\presentation\\errors\\server-error.ts": {"path":"D:\\Estudos\\Projetos\\clean-node-api\\src\\presentation\\errors\\server-error.ts","statementMap":{"0":{"start":{"line":1,"column":0},"end":{"line":1,"column":null}},"1":{"start":{"line":1,"column":33},"end":{"line":1,"column":38}},"2":{"start":{"line":3,"column":4},"end":{"line":3,"column":null}},"3":{"start":{"line":4,"column":4},"end":{"line":4,"column":null}},"4":{"start":{"line":6,"column":0},"end":{"line":6,"column":null}},"5":{"start":{"line":1,"column":13},"end":{"line":1,"column":24}}},"fnMap":{"0":{"name":"(anonymous_6)","decl":{"start":{"line":1,"column":0},"end":{"line":1,"column":13}},"loc":{"start":{"line":1,"column":0},"end":{"line":6,"column":null}}},"1":{"name":"ServerError","decl":{"start":{"line":2,"column":2},"end":{"line":2,"column":null}},"loc":{"start":{"line":2,"column":2},"end":{"line":5,"column":3}}}},"branchMap":{"0":{"loc":{"start":{"line":3,"column":4},"end":{"line":3,"column":null}},"type":"binary-expr","locations":[{"start":{"line":3,"column":4},"end":{"line":3,"column":34}},{"start":{"line":3,"column":34},"end":{"line":3,"column":null}}]}},"s":{"0":1,"1":1,"2":2,"3":2,"4":1,"5":1},"f":{"0":1,"1":2},"b":{"0":[2,0]}}
,"D:\\Estudos\\Projetos\\clean-node-api\\src\\presentation\\helpers\\http-helper.ts": {"path":"D:\\Estudos\\Projetos\\clean-node-api\\src\\presentation\\helpers\\http-helper.ts","statementMap":{"0":{"start":{"line":1,"column":0},"end":{"line":1,"column":52}},"1":{"start":{"line":4,"column":26},"end":{"line":4,"column":59}},"2":{"start":{"line":4,"column":58},"end":{"line":6,"column":null}},"3":{"start":{"line":4,"column":13},"end":{"line":4,"column":26}},"4":{"start":{"line":8,"column":27},"end":{"line":8,"column":48}},"5":{"start":{"line":8,"column":47},"end":{"line":10,"column":null}},"6":{"start":{"line":8,"column":13},"end":{"line":8,"column":27}}},"fnMap":{"0":{"name":"(anonymous_0)","decl":{"start":{"line":4,"column":26},"end":{"line":4,"column":27}},"loc":{"start":{"line":4,"column":39},"end":{"line":4,"column":59}}},"1":{"name":"(anonymous_1)","decl":{"start":{"line":8,"column":27},"end":{"line":8,"column":47}},"loc":{"start":{"line":8,"column":27},"end":{"line":8,"column":48}}}},"branchMap":{},"s":{"0":1,"1":1,"2":5,"3":1,"4":1,"5":1,"6":1},"f":{"0":5,"1":1},"b":{}}
,"D:\\Estudos\\Projetos\\clean-node-api\\src\\presentation\\protocols\\index.ts": {"path":"D:\\Estudos\\Projetos\\clean-node-api\\src\\presentation\\protocols\\index.ts","statementMap":{"0":{"start":{"line":1,"column":0},"end":{"line":1,"column":23}},"1":{"start":{"line":2,"column":0},"end":{"line":2,"column":29}},"2":{"start":{"line":3,"column":0},"end":{"line":3,"column":34}}},"fnMap":{},"branchMap":{},"s":{"0":0,"1":0,"2":0},"f":{},"b":{}}
}
