TN:
SF:src\data\usecases\add-account\db-add-account.ts
FN:5,(anonymous_13)
FN:7,DbAddAccount
FN:9,(anonymous_15)
FNF:3
FNH:0
FNDA:0,(anonymous_13)
FNDA:0,DbAddAccount
FNDA:0,(anonymous_15)
DA:5,0
DA:7,0
DA:9,0
DA:10,0
DA:11,0
DA:13,0
LF:6
LH:0
BRDA:10,0,0,0
BRF:1
BRH:0
end_of_record
TN:
SF:src\infra\cryptography\bcrypt-adapter.ts
FN:4,(anonymous_14)
FN:6,BcryptAdapter
FN:8,(anonymous_16)
FNF:3
FNH:3
FNDA:1,(anonymous_14)
FNDA:3,BcryptAdapter
FNDA:2,(anonymous_16)
DA:1,1
DA:4,1
DA:6,3
DA:8,1
DA:9,2
DA:11,1
LF:6
LH:6
BRDA:9,0,0,2
BRDA:9,0,1,2
BRF:2
BRH:2
end_of_record
TN:
SF:src\presentation\controllers\signup.ts
FN:4,(anonymous_13)
FN:8,SignUpController
FN:12,(anonymous_15)
FNF:3
FNH:0
FNDA:0,(anonymous_13)
FNDA:0,SignUpController
FNDA:0,(anonymous_15)
DA:1,0
DA:2,0
DA:4,0
DA:9,0
DA:10,0
DA:12,0
DA:14,0
DA:15,0
DA:16,0
DA:17,0
DA:18,0
DA:22,0
DA:23,0
DA:26,0
DA:27,0
DA:28,0
DA:31,0
DA:32,0
DA:35,0
DA:38,0
LF:20
LH:0
BRDA:17,0,0,0
BRDA:22,1,0,0
BRDA:27,2,0,0
BRF:3
BRH:0
end_of_record
TN:
SF:src\presentation\controllers\signup\signup-protocols.ts
FNF:0
FNH:0
DA:1,0
DA:2,0
DA:3,0
DA:4,0
LF:4
LH:0
BRF:0
BRH:0
end_of_record
TN:
SF:src\presentation\errors\index.ts
FNF:0
FNH:0
DA:1,0
DA:2,0
DA:3,0
LF:3
LH:0
BRF:0
BRH:0
end_of_record
TN:
SF:src\presentation\errors\invalid-params-error.ts
FN:1,(anonymous_6)
FN:2,InvalidParamError
FNF:2
FNH:0
FNDA:0,(anonymous_6)
FNDA:0,InvalidParamError
DA:1,0
DA:3,0
DA:4,0
DA:6,0
LF:4
LH:0
BRDA:3,0,0,0
BRDA:3,0,1,0
BRF:2
BRH:0
end_of_record
TN:
SF:src\presentation\errors\missing-params-error.ts
FN:1,(anonymous_6)
FN:2,MissingParameterError
FNF:2
FNH:0
FNDA:0,(anonymous_6)
FNDA:0,MissingParameterError
DA:1,0
DA:3,0
DA:4,0
DA:6,0
LF:4
LH:0
BRDA:3,0,0,0
BRDA:3,0,1,0
BRF:2
BRH:0
end_of_record
TN:
SF:src\presentation\errors\server-error.ts
FN:1,(anonymous_6)
FN:2,ServerError
FNF:2
FNH:0
FNDA:0,(anonymous_6)
FNDA:0,ServerError
DA:1,0
DA:3,0
DA:4,0
DA:6,0
LF:4
LH:0
BRDA:3,0,0,0
BRDA:3,0,1,0
BRF:2
BRH:0
end_of_record
TN:
SF:src\presentation\helpers\http-helper.ts
FN:4,(anonymous_0)
FN:8,(anonymous_1)
FN:12,(anonymous_2)
FNF:3
FNH:0
FNDA:0,(anonymous_0)
FNDA:0,(anonymous_1)
FNDA:0,(anonymous_2)
DA:1,0
DA:4,0
DA:8,0
DA:12,0
LF:4
LH:0
BRF:0
BRH:0
end_of_record
TN:
SF:src\presentation\protocols\index.ts
FNF:0
FNH:0
DA:1,0
DA:2,0
LF:2
LH:0
BRF:0
BRH:0
end_of_record
TN:
SF:src\utils\email-validator-adapter.ts
FN:3,(anonymous_1)
FN:4,(anonymous_3)
FNF:2
FNH:0
FNDA:0,(anonymous_1)
FNDA:0,(anonymous_3)
DA:1,0
DA:3,0
DA:4,0
DA:5,0
DA:7,0
LF:5
LH:0
BRF:0
BRH:0
end_of_record
