TN:
SF:src\presentation\controllers\signup.ts
FN:7,(anonymous_0)
FN:9,SignUpController
FN:12,(anonymous_2)
FNF:3
FNH:3
FNDA:1,(anonymous_0)
FNDA:5,SignUpController
FNDA:5,(anonymous_2)
DA:1,1
DA:2,1
DA:4,1
DA:7,1
DA:10,5
DA:12,1
DA:13,5
DA:14,14
DA:15,14
DA:16,4
DA:19,1
DA:20,1
DA:21,1
DA:25,1
LF:14
LH:14
BRDA:15,0,0,4
BRDA:20,1,0,1
BRF:2
BRH:2
end_of_record
TN:
SF:src\presentation\errors\invalid-params-error.ts
FN:1,(anonymous_6)
FN:2,InvalidParameterError
FNF:2
FNH:2
FNDA:1,(anonymous_6)
FNDA:2,InvalidParameterError
DA:1,1
DA:3,2
DA:4,2
DA:6,1
LF:4
LH:4
BRDA:3,0,0,2
BRDA:3,0,1,0
BRF:2
BRH:1
end_of_record
TN:
SF:src\presentation\errors\missing-params-error.ts
FN:1,(anonymous_6)
FN:2,MissingParameterError
FNF:2
FNH:2
FNDA:1,(anonymous_6)
FNDA:8,MissingParameterError
DA:1,1
DA:3,8
DA:4,8
DA:6,1
LF:4
LH:4
BRDA:3,0,0,8
BRDA:3,0,1,0
BRF:2
BRH:1
end_of_record
TN:
SF:src\presentation\helpers\http-helper.ts
FN:3,(anonymous_0)
FNF:1
FNH:1
FNDA:5,(anonymous_0)
DA:3,5
LF:1
LH:1
BRF:0
BRH:0
end_of_record
